Using pre-set license
Built from '2020.3/staging' branch; Version is '2020.3.3f1 (76626098c1c4) revision 7758432'; Using compiler version '192528614'; Build Type 'Release'
OS: 'Windows 10 Pro; OS build 19043.1645; Version 2009; 64bit' Language: 'fi' Physical Memory: 7889 MB
BatchMode: 1, IsHumanControllingUs: 0, StartBugReporterOnCrash: 0, Is64bit: 1, IsPro: 0

 COMMAND LINE ARGUMENTS:
C:\Program Files\Unity\Hub\Editor\2020.3.3f1\Editor\Unity.exe
-adb2
-batchMode
-noUpm
-name
AssetImportWorker0
-projectPath
C:/Users/oma/Desktop/Tanja/Unity/2D_K4_k2022/2DTaistelu_K4_K2022
-logFile
Logs/AssetImportWorker0.log
-srvPort
51661
Successfully changed project path to: C:/Users/oma/Desktop/Tanja/Unity/2D_K4_k2022/2DTaistelu_K4_K2022
C:/Users/oma/Desktop/Tanja/Unity/2D_K4_k2022/2DTaistelu_K4_K2022
Using Asset Import Pipeline V2.
Refreshing native plugins compatible for Editor in 85.90 ms, found 1 plugins.
Preloading 0 native plugins for Editor in 0.00 ms.
Initialize engine version: 2020.3.3f1 (76626098c1c4)
[Subsystems] Discovering subsystems at path C:/Program Files/Unity/Hub/Editor/2020.3.3f1/Editor/Data/Resources/UnitySubsystems
[Subsystems] Discovering subsystems at path C:/Users/oma/Desktop/Tanja/Unity/2D_K4_k2022/2DTaistelu_K4_K2022/Assets
GfxDevice: creating device client; threaded=0
Direct3D:
    Version:  Direct3D 11.0 [level 11.0]
    Renderer: Intel(R) HD Graphics 4000 (ID=0x166)
    Vendor:   
    VRAM:     128 MB
    Driver:   10.18.10.4252
Initialize mono
Mono path[0] = 'C:/Program Files/Unity/Hub/Editor/2020.3.3f1/Editor/Data/Managed'
Mono path[1] = 'C:/Program Files/Unity/Hub/Editor/2020.3.3f1/Editor/Data/MonoBleedingEdge/lib/mono/unityjit'
Mono config path = 'C:/Program Files/Unity/Hub/Editor/2020.3.3f1/Editor/Data/MonoBleedingEdge/etc'
Using monoOptions --debugger-agent=transport=dt_socket,embedding=1,server=y,suspend=n,address=127.0.0.1:56616
Begin MonoManager ReloadAssembly
Registering precompiled unity dll's ...
Register platform support module: C:/Program Files/Unity/Hub/Editor/2020.3.3f1/Editor/Data/PlaybackEngines/WebGLSupport/UnityEditor.WebGL.Extensions.dll
Register platform support module: C:/Program Files/Unity/Hub/Editor/2020.3.3f1/Editor/Data/PlaybackEngines/WindowsStandaloneSupport/UnityEditor.WindowsStandalone.Extensions.dll
Registered in 0.016202 seconds.
Native extension for WindowsStandalone target not found
Native extension for WebGL target not found
Refreshing native plugins compatible for Editor in 90.19 ms, found 1 plugins.
Preloading 0 native plugins for Editor in 0.00 ms.
Invoked RoslynAnalysisRunner static constructor.
RoslynAnalysisRunner will not be running.
RoslynAnalysisRunner has terminated.
Mono: successfully reloaded assembly
- Completed reload, in  3.018 seconds
Platform modules already initialized, skipping
Registering precompiled user dll's ...
Registered in 0.001558 seconds.
Begin MonoManager ReloadAssembly
Native extension for WindowsStandalone target not found
Native extension for WebGL target not found
Refreshing native plugins compatible for Editor in 100.79 ms, found 1 plugins.
Preloading 0 native plugins for Editor in 0.00 ms.
Invoked RoslynAnalysisRunner static constructor.
RoslynAnalysisRunner will not be running.
RoslynAnalysisRunner has terminated.
Mono: successfully reloaded assembly
- Completed reload, in  2.691 seconds
Platform modules already initialized, skipping
========================================================================
Worker process is ready to serve import requests
Launched and connected shader compiler UnityShaderCompiler.exe after 0.11 seconds
Refreshing native plugins compatible for Editor in 2.31 ms, found 1 plugins.
Preloading 0 native plugins for Editor in 0.00 ms.
Unloading 1808 Unused Serialized files (Serialized files now loaded: 0)
System memory in use before: 84.9 MB.
System memory in use after: 84.8 MB.

Unloading 24 unused Assets to reduce memory usage. Loaded Objects now: 2250.
Total: 9.224800 ms (FindLiveObjects: 0.457100 ms CreateObjectMapping: 0.267200 ms MarkObjects: 8.251600 ms  DeleteObjects: 0.245800 ms)

========================================================================
Received Import Request.
  path: Assets/Graphics/TileSheet/objects_29.asset
  artifactKey: Guid(863e8072e2a799d4db62e8e4e4d01949) Importer(815301076,1909f56bfc062723c751e8b465ee728b)
Start importing Assets/Graphics/TileSheet/objects_29.asset using Guid(863e8072e2a799d4db62e8e4e4d01949) Importer(815301076,1909f56bfc062723c751e8b465ee728b)  -> (artifact id: '3600be5d6d90d326e157086d5313d9e7') in 0.321372 seconds
  Import took 0.334498 seconds .

========================================================================
Received Import Request.
  Time since last request: 0.000788 seconds.
  path: Assets/Graphics/TileSheet/objects_26.asset
  artifactKey: Guid(90495457a8596be44bd3000324a8bf5c) Importer(815301076,1909f56bfc062723c751e8b465ee728b)
Start importing Assets/Graphics/TileSheet/objects_26.asset using Guid(90495457a8596be44bd3000324a8bf5c) Importer(815301076,1909f56bfc062723c751e8b465ee728b)  -> (artifact id: 'afab6e7150a4f46d029e16dde01d1dae') in 0.097106 seconds
  Import took 0.115589 seconds .

========================================================================
Received Import Request.
  Time since last request: 0.000486 seconds.
  path: Assets/Graphics/TileSheet/Tree_3.asset
  artifactKey: Guid(7d93bf02469fb5341bc5e9ac73027b82) Importer(815301076,1909f56bfc062723c751e8b465ee728b)
Start importing Assets/Graphics/TileSheet/Tree_3.asset using Guid(7d93bf02469fb5341bc5e9ac73027b82) Importer(815301076,1909f56bfc062723c751e8b465ee728b)  -> (artifact id: '29eaee32fa858a6724ad08e01139b879') in 0.096605 seconds
  Import took 0.104575 seconds .

========================================================================
Received Import Request.
  Time since last request: 0.000374 seconds.
  path: Assets/Graphics/TileSheet/Tree_2.asset
  artifactKey: Guid(c5d459218464b434894ac9755f093590) Importer(815301076,1909f56bfc062723c751e8b465ee728b)
Start importing Assets/Graphics/TileSheet/Tree_2.asset using Guid(c5d459218464b434894ac9755f093590) Importer(815301076,1909f56bfc062723c751e8b465ee728b)  -> (artifact id: 'f910c82d79bf9ead529333e99994ba98') in 0.071630 seconds
  Import took 0.078501 seconds .

========================================================================
Received Import Request.
  Time since last request: 0.000296 seconds.
  path: Assets/Graphics/TileSheet/objects_4.asset
  artifactKey: Guid(8fa69972698b5e745a9ed227d9091925) Importer(815301076,1909f56bfc062723c751e8b465ee728b)
Start importing Assets/Graphics/TileSheet/objects_4.asset using Guid(8fa69972698b5e745a9ed227d9091925) Importer(815301076,1909f56bfc062723c751e8b465ee728b)  -> (artifact id: '8ae5ae6be2abf82fb8058c9f0f882d54') in 0.082669 seconds
  Import took 0.093266 seconds .

========================================================================
Received Import Request.
  Time since last request: 0.000114 seconds.
  path: Assets/Graphics/TileSheet/objects_3.asset
  artifactKey: Guid(664aacf7a48f92b4ab4db7e5e11e5916) Importer(815301076,1909f56bfc062723c751e8b465ee728b)
Start importing Assets/Graphics/TileSheet/objects_3.asset using Guid(664aacf7a48f92b4ab4db7e5e11e5916) Importer(815301076,1909f56bfc062723c751e8b465ee728b)  -> (artifact id: '2b1525d5fb83acb0c7a7e809c7fff5e1') in 0.101861 seconds
  Import took 0.107741 seconds .

========================================================================
Received Import Request.
  Time since last request: 0.000330 seconds.
  path: Assets/Graphics/TileSheet/objects_9.asset
  artifactKey: Guid(c080e2c810703e7449fbe59d1ccfce26) Importer(815301076,1909f56bfc062723c751e8b465ee728b)
Start importing Assets/Graphics/TileSheet/objects_9.asset using Guid(c080e2c810703e7449fbe59d1ccfce26) Importer(815301076,1909f56bfc062723c751e8b465ee728b)  -> (artifact id: '00d0efc32120c48451207b2017957c0f') in 0.152077 seconds
  Import took 0.159381 seconds .

========================================================================
Received Import Request.
  Time since last request: 0.000425 seconds.
  path: Assets/Graphics/TileSheet/objects_14.asset
  artifactKey: Guid(8fe89ed5a6a3df545a809b10aab2be89) Importer(815301076,1909f56bfc062723c751e8b465ee728b)
Start importing Assets/Graphics/TileSheet/objects_14.asset using Guid(8fe89ed5a6a3df545a809b10aab2be89) Importer(815301076,1909f56bfc062723c751e8b465ee728b)  -> (artifact id: '60a401877215e1e69b9c23626d158e8c') in 0.242597 seconds
  Import took 0.247626 seconds .

========================================================================
Received Import Request.
  Time since last request: 0.007911 seconds.
  path: Assets/Graphics/TileSheet/objects_27.asset
  artifactKey: Guid(b6160e30a8683124197fd6208709f6fc) Importer(815301076,1909f56bfc062723c751e8b465ee728b)
Start importing Assets/Graphics/TileSheet/objects_27.asset using Guid(b6160e30a8683124197fd6208709f6fc) Importer(815301076,1909f56bfc062723c751e8b465ee728b)  -> (artifact id: 'd69a425c16136e423b0a38d3725cae86') in 0.192164 seconds
  Import took 0.204858 seconds .

========================================================================
Received Import Request.
  Time since last request: 0.000354 seconds.
  path: Assets/Graphics/TileSheet/objects_2.asset
  artifactKey: Guid(6cb48586d981e5546bb4aec5b06ce882) Importer(815301076,1909f56bfc062723c751e8b465ee728b)
Start importing Assets/Graphics/TileSheet/objects_2.asset using Guid(6cb48586d981e5546bb4aec5b06ce882) Importer(815301076,1909f56bfc062723c751e8b465ee728b)  -> (artifact id: 'e6bee290aab70fc94088f5ffa7f8dc8b') in 0.084058 seconds
  Import took 0.090674 seconds .

========================================================================
Received Import Request.
  Time since last request: 0.000347 seconds.
  path: Assets/Graphics/TileSheet/objects_10.asset
  artifactKey: Guid(57b2d48e4a4bd2747a258ba84f56fab2) Importer(815301076,1909f56bfc062723c751e8b465ee728b)
Start importing Assets/Graphics/TileSheet/objects_10.asset using Guid(57b2d48e4a4bd2747a258ba84f56fab2) Importer(815301076,1909f56bfc062723c751e8b465ee728b)  -> (artifact id: 'e66c9ed4d1540d6cbbd130750588f8a4') in 0.092463 seconds
  Import took 0.100072 seconds .

========================================================================
Received Import Request.
  Time since last request: 0.000454 seconds.
  path: Assets/Graphics/TileSheet/objects_24.asset
  artifactKey: Guid(cc0ff01381f2f3f499ac602efa64df30) Importer(815301076,1909f56bfc062723c751e8b465ee728b)
Start importing Assets/Graphics/TileSheet/objects_24.asset using Guid(cc0ff01381f2f3f499ac602efa64df30) Importer(815301076,1909f56bfc062723c751e8b465ee728b)  -> (artifact id: 'f48eedd9072e9234aecc360fbba1ff21') in 0.085721 seconds
  Import took 0.091504 seconds .

========================================================================
Received Import Request.
  Time since last request: 0.000522 seconds.
  path: Assets/Graphics/TileSheet/objects_19.asset
  artifactKey: Guid(9e8071b28bfa1bf449ffe2fecb505081) Importer(815301076,1909f56bfc062723c751e8b465ee728b)
Start importing Assets/Graphics/TileSheet/objects_19.asset using Guid(9e8071b28bfa1bf449ffe2fecb505081) Importer(815301076,1909f56bfc062723c751e8b465ee728b)  -> (artifact id: '7d7003a71cdafa5645ea63c83208ceb2') in 0.093819 seconds
  Import took 0.099996 seconds .

========================================================================
Received Import Request.
  Time since last request: 0.000292 seconds.
  path: Assets/Graphics/TileSheet/objects_15.asset
  artifactKey: Guid(ed958f112c48b4b4bbe9b49eb5f52883) Importer(815301076,1909f56bfc062723c751e8b465ee728b)
Start importing Assets/Graphics/TileSheet/objects_15.asset using Guid(ed958f112c48b4b4bbe9b49eb5f52883) Importer(815301076,1909f56bfc062723c751e8b465ee728b)  -> (artifact id: '925667d2732e22ae825e8c8f6c42e6c8') in 0.113276 seconds
  Import took 0.121459 seconds .

========================================================================
Received Import Request.
  Time since last request: 0.000626 seconds.
  path: Assets/Graphics/TileSheet/Tree_0.asset
  artifactKey: Guid(d1e5866d38c48eb498a6b5e9de2f2bce) Importer(815301076,1909f56bfc062723c751e8b465ee728b)
Start importing Assets/Graphics/TileSheet/Tree_0.asset using Guid(d1e5866d38c48eb498a6b5e9de2f2bce) Importer(815301076,1909f56bfc062723c751e8b465ee728b)  -> (artifact id: '083442ff4de486ee97ad28e5be66ca4b') in 0.082348 seconds
  Import took 0.091210 seconds .

========================================================================
Received Import Request.
  Time since last request: 0.000338 seconds.
  path: Assets/Graphics/TileSheet/objects_8.asset
  artifactKey: Guid(08e9d1640dd01a042ad9bfe89cd22747) Importer(815301076,1909f56bfc062723c751e8b465ee728b)
Start importing Assets/Graphics/TileSheet/objects_8.asset using Guid(08e9d1640dd01a042ad9bfe89cd22747) Importer(815301076,1909f56bfc062723c751e8b465ee728b)  -> (artifact id: '066f56053130f0556be64249911abb61') in 0.121949 seconds
  Import took 0.128657 seconds .

========================================================================
Received Import Request.
  Time since last request: 0.002130 seconds.
  path: Assets/Graphics/TileSheet/Tree_5.asset
  artifactKey: Guid(90bf2d57360187c47996747531b8af2a) Importer(815301076,1909f56bfc062723c751e8b465ee728b)
Start importing Assets/Graphics/TileSheet/Tree_5.asset using Guid(90bf2d57360187c47996747531b8af2a) Importer(815301076,1909f56bfc062723c751e8b465ee728b)  -> (artifact id: '479758e1cf947052d00edda6ce194503') in 0.077647 seconds
  Import took 0.087028 seconds .

========================================================================
Received Import Request.
  Time since last request: 0.000412 seconds.
  path: Assets/Graphics/TileSheet/objects_11.asset
  artifactKey: Guid(e1e31ebd4387f1b4d862feca8d705e20) Importer(815301076,1909f56bfc062723c751e8b465ee728b)
Start importing Assets/Graphics/TileSheet/objects_11.asset using Guid(e1e31ebd4387f1b4d862feca8d705e20) Importer(815301076,1909f56bfc062723c751e8b465ee728b)  -> (artifact id: 'b3d4260b9cc9e6282a70aaefc09e8cdc') in 0.067103 seconds
  Import took 0.077644 seconds .

========================================================================
Received Import Request.
  Time since last request: 0.001414 seconds.
  path: Assets/Graphics/TileSheet/objects_6.asset
  artifactKey: Guid(4da91fef3cdda8a46a45f9a42fce1165) Importer(815301076,1909f56bfc062723c751e8b465ee728b)
Start importing Assets/Graphics/TileSheet/objects_6.asset using Guid(4da91fef3cdda8a46a45f9a42fce1165) Importer(815301076,1909f56bfc062723c751e8b465ee728b)  -> (artifact id: '44431618824b7bf70c9c91ff57eade9d') in 0.098107 seconds
  Import took 0.107239 seconds .

========================================================================
Received Import Request.
  Time since last request: 0.000235 seconds.
  path: Assets/Graphics/TileSheet/objects_18.asset
  artifactKey: Guid(731f5c39a6d319b4e84d7f205fb25eec) Importer(815301076,1909f56bfc062723c751e8b465ee728b)
Start importing Assets/Graphics/TileSheet/objects_18.asset using Guid(731f5c39a6d319b4e84d7f205fb25eec) Importer(815301076,1909f56bfc062723c751e8b465ee728b)  -> (artifact id: 'e744904bc301da03280bbac9b3c31343') in 0.096922 seconds
  Import took 0.104064 seconds .

========================================================================
Received Import Request.
  Time since last request: 0.000291 seconds.
  path: Assets/Graphics/TileSheet/objects_31.asset
  artifactKey: Guid(6b86e08a5787a4d42861111bda6e39be) Importer(815301076,1909f56bfc062723c751e8b465ee728b)
Start importing Assets/Graphics/TileSheet/objects_31.asset using Guid(6b86e08a5787a4d42861111bda6e39be) Importer(815301076,1909f56bfc062723c751e8b465ee728b)  -> (artifact id: '48886f67a5ee0ac844905b0f18a4edec') in 0.104862 seconds
  Import took 0.109497 seconds .

========================================================================
Received Import Request.
  Time since last request: 0.000300 seconds.
  path: Assets/Graphics/TileSheet/objects_33.asset
  artifactKey: Guid(19c19aeaca744764ea103226367b730c) Importer(815301076,1909f56bfc062723c751e8b465ee728b)
Start importing Assets/Graphics/TileSheet/objects_33.asset using Guid(19c19aeaca744764ea103226367b730c) Importer(815301076,1909f56bfc062723c751e8b465ee728b)  -> (artifact id: 'c2ca69d3f809ef94b97d6e22d777aa36') in 0.072178 seconds
  Import took 0.079311 seconds .

========================================================================
Received Import Request.
  Time since last request: 0.000484 seconds.
  path: Assets/Graphics/TileSheet/objects_32.asset
  artifactKey: Guid(b606f03bb4a0d764b8e81f8a805d61f7) Importer(815301076,1909f56bfc062723c751e8b465ee728b)
Start importing Assets/Graphics/TileSheet/objects_32.asset using Guid(b606f03bb4a0d764b8e81f8a805d61f7) Importer(815301076,1909f56bfc062723c751e8b465ee728b)  -> (artifact id: '53a6b21d829fafbe64821e2098f78b2f') in 0.080641 seconds
  Import took 0.087333 seconds .

========================================================================
Received Import Request.
  Time since last request: 0.000332 seconds.
  path: Assets/Graphics/TileSheet/Tree_1.asset
  artifactKey: Guid(c868bd62b608e5047bea84dd53f19e1e) Importer(815301076,1909f56bfc062723c751e8b465ee728b)
Start importing Assets/Graphics/TileSheet/Tree_1.asset using Guid(c868bd62b608e5047bea84dd53f19e1e) Importer(815301076,1909f56bfc062723c751e8b465ee728b)  -> (artifact id: 'efc115a4e6517077c55c0aa44c8d2cce') in 0.082110 seconds
  Import took 0.088615 seconds .

========================================================================
Received Import Request.
  Time since last request: 0.000376 seconds.
  path: Assets/Graphics/TileSheet/objects_28.asset
  artifactKey: Guid(b5afe00a38cc57c42a4b15cdd41d7f0c) Importer(815301076,1909f56bfc062723c751e8b465ee728b)
Start importing Assets/Graphics/TileSheet/objects_28.asset using Guid(b5afe00a38cc57c42a4b15cdd41d7f0c) Importer(815301076,1909f56bfc062723c751e8b465ee728b)  -> (artifact id: '52a41f6b931370c6edeec68ce96781a7') in 0.089068 seconds
  Import took 0.095517 seconds .

========================================================================
Received Import Request.
  Time since last request: 0.000288 seconds.
  path: Assets/Graphics/TileSheet/Tree_4.asset
  artifactKey: Guid(11917e39df997fd42859074076ca32e2) Importer(815301076,1909f56bfc062723c751e8b465ee728b)
Start importing Assets/Graphics/TileSheet/Tree_4.asset using Guid(11917e39df997fd42859074076ca32e2) Importer(815301076,1909f56bfc062723c751e8b465ee728b)  -> (artifact id: '22f5ffcaa9f5838c0cc72d14d58d11c7') in 0.048552 seconds
  Import took 0.054072 seconds .

========================================================================
Received Import Request.
  Time since last request: 0.000342 seconds.
  path: Assets/Graphics/TileSheet/objects_12.asset
  artifactKey: Guid(e9abb2ce5f236124aa3064e29c801660) Importer(815301076,1909f56bfc062723c751e8b465ee728b)
Start importing Assets/Graphics/TileSheet/objects_12.asset using Guid(e9abb2ce5f236124aa3064e29c801660) Importer(815301076,1909f56bfc062723c751e8b465ee728b)  -> (artifact id: 'c24ac79742120e6ee5137c77f186f868') in 0.101665 seconds
  Import took 0.107398 seconds .

========================================================================
Received Import Request.
  Time since last request: 0.000372 seconds.
  path: Assets/Graphics/TileSheet/objects_25.asset
  artifactKey: Guid(537ae2170b656be43ac935c5c22ed738) Importer(815301076,1909f56bfc062723c751e8b465ee728b)
Start importing Assets/Graphics/TileSheet/objects_25.asset using Guid(537ae2170b656be43ac935c5c22ed738) Importer(815301076,1909f56bfc062723c751e8b465ee728b)  -> (artifact id: '011ca070645cffdaded4d80b2caa4909') in 0.103636 seconds
  Import took 0.111466 seconds .

========================================================================
Received Import Request.
  Time since last request: 0.000360 seconds.
  path: Assets/Graphics/TileSheet/objects_20.asset
  artifactKey: Guid(50db627c9e518a44897fb385e22263d9) Importer(815301076,1909f56bfc062723c751e8b465ee728b)
Start importing Assets/Graphics/TileSheet/objects_20.asset using Guid(50db627c9e518a44897fb385e22263d9) Importer(815301076,1909f56bfc062723c751e8b465ee728b)  -> (artifact id: '06c4eb428ae9e77cc5041f06f5be8b9f') in 0.089312 seconds
  Import took 0.094264 seconds .

========================================================================
Received Import Request.
  Time since last request: 0.000270 seconds.
  path: Assets/Graphics/TilePalette/ForestPalette.prefab
  artifactKey: Guid(1d330431d266cf948ab54e042545a4ce) Importer(815301076,1909f56bfc062723c751e8b465ee728b)
Start importing Assets/Graphics/TilePalette/ForestPalette.prefab using Guid(1d330431d266cf948ab54e042545a4ce) Importer(815301076,1909f56bfc062723c751e8b465ee728b)  -> (artifact id: '8d2c0d1461953a73598530bd896a8d9e') in 0.045774 seconds
  Import took 0.062161 seconds .

========================================================================
Received Import Request.
  Time since last request: 0.000797 seconds.
  path: Assets/Graphics/TileSheet/objects_21.asset
  artifactKey: Guid(398fa303f1e5d7a44b8c817ddd573fc6) Importer(815301076,1909f56bfc062723c751e8b465ee728b)
Start importing Assets/Graphics/TileSheet/objects_21.asset using Guid(398fa303f1e5d7a44b8c817ddd573fc6) Importer(815301076,1909f56bfc062723c751e8b465ee728b)  -> (artifact id: 'daa4bda2e2df6a9c67d316fa655ab532') in 0.082009 seconds
  Import took 0.088316 seconds .

========================================================================
Received Import Request.
  Time since last request: 0.000410 seconds.
  path: Assets/Graphics/TileSheet/objects_1.asset
  artifactKey: Guid(100210cb5f363b14a939720f0fc438d1) Importer(815301076,1909f56bfc062723c751e8b465ee728b)
Start importing Assets/Graphics/TileSheet/objects_1.asset using Guid(100210cb5f363b14a939720f0fc438d1) Importer(815301076,1909f56bfc062723c751e8b465ee728b)  -> (artifact id: '4ef84cb28696ba8201341d995f4d34a0') in 0.085234 seconds
  Import took 0.091095 seconds .

========================================================================
Received Import Request.
  Time since last request: 0.000367 seconds.
  path: Assets/Graphics/TileSheet/objects_13.asset
  artifactKey: Guid(53a1babc9a5023b49a3db9f22b4eb6da) Importer(815301076,1909f56bfc062723c751e8b465ee728b)
Start importing Assets/Graphics/TileSheet/objects_13.asset using Guid(53a1babc9a5023b49a3db9f22b4eb6da) Importer(815301076,1909f56bfc062723c751e8b465ee728b)  -> (artifact id: '293593a77342dd66747ff1c33492325e') in 0.070938 seconds
  Import took 0.077299 seconds .

========================================================================
Received Import Request.
  Time since last request: 0.000423 seconds.
  path: Assets/Graphics/TileSheet/objects_22.asset
  artifactKey: Guid(68d8897d56926094a949b133eeb431bf) Importer(815301076,1909f56bfc062723c751e8b465ee728b)
Start importing Assets/Graphics/TileSheet/objects_22.asset using Guid(68d8897d56926094a949b133eeb431bf) Importer(815301076,1909f56bfc062723c751e8b465ee728b)  -> (artifact id: 'c75c5846a3ca69f75df88ada8e835ac2') in 0.071388 seconds
  Import took 0.076743 seconds .

========================================================================
Received Import Request.
  Time since last request: 0.000370 seconds.
  path: Assets/Graphics/TileSheet/Tree_6.asset
  artifactKey: Guid(9456cadca99c90a40ae8f6a1d2fc126b) Importer(815301076,1909f56bfc062723c751e8b465ee728b)
Start importing Assets/Graphics/TileSheet/Tree_6.asset using Guid(9456cadca99c90a40ae8f6a1d2fc126b) Importer(815301076,1909f56bfc062723c751e8b465ee728b)  -> (artifact id: 'd99583343e85838d1e9a912e8065a1a9') in 0.065900 seconds
  Import took 0.080628 seconds .

========================================================================
Received Import Request.
  Time since last request: 0.000286 seconds.
  path: Assets/Graphics/TileSheet/objects_23.asset
  artifactKey: Guid(bea28ab4df178f84eb33fb67792d8ad8) Importer(815301076,1909f56bfc062723c751e8b465ee728b)
Start importing Assets/Graphics/TileSheet/objects_23.asset using Guid(bea28ab4df178f84eb33fb67792d8ad8) Importer(815301076,1909f56bfc062723c751e8b465ee728b)  -> (artifact id: '5c93edd5183ef548960d882190314eca') in 0.241604 seconds
  Import took 0.253824 seconds .

========================================================================
Received Import Request.
  Time since last request: 0.000936 seconds.
  path: Assets/Graphics/TileSheet/objects_16.asset
  artifactKey: Guid(4bf40ddfe0ce32f4492dda2e0c8ed171) Importer(815301076,1909f56bfc062723c751e8b465ee728b)
Start importing Assets/Graphics/TileSheet/objects_16.asset using Guid(4bf40ddfe0ce32f4492dda2e0c8ed171) Importer(815301076,1909f56bfc062723c751e8b465ee728b)  -> (artifact id: '59f97d7552c2d0b6ac2ea2c8ac1c0741') in 0.085485 seconds
  Import took 0.092281 seconds .

========================================================================
Received Import Request.
  Time since last request: 0.000255 seconds.
  path: Assets/Graphics/TileSheet/objects_30.asset
  artifactKey: Guid(c087991020dfba443acabed2bc3b9751) Importer(815301076,1909f56bfc062723c751e8b465ee728b)
Start importing Assets/Graphics/TileSheet/objects_30.asset using Guid(c087991020dfba443acabed2bc3b9751) Importer(815301076,1909f56bfc062723c751e8b465ee728b)  -> (artifact id: 'ee397de3a62cd02697c8b76622768f22') in 0.082771 seconds
  Import took 0.088108 seconds .

========================================================================
Received Import Request.
  Time since last request: 0.000303 seconds.
  path: Assets/Graphics/TileSheet/objects_7.asset
  artifactKey: Guid(f9c564e3505ac6849b631494569e24de) Importer(815301076,1909f56bfc062723c751e8b465ee728b)
Start importing Assets/Graphics/TileSheet/objects_7.asset using Guid(f9c564e3505ac6849b631494569e24de) Importer(815301076,1909f56bfc062723c751e8b465ee728b)  -> (artifact id: 'c0dd8b1ddfa4cabc4ae12cb6ba3358db') in 0.095809 seconds
  Import took 0.109193 seconds .

========================================================================
Received Import Request.
  Time since last request: 0.000432 seconds.
  path: Assets/Graphics/TileSheet/objects_0.asset
  artifactKey: Guid(d18255ffa827da0418a5250055bf351e) Importer(815301076,1909f56bfc062723c751e8b465ee728b)
Start importing Assets/Graphics/TileSheet/objects_0.asset using Guid(d18255ffa827da0418a5250055bf351e) Importer(815301076,1909f56bfc062723c751e8b465ee728b)  -> (artifact id: '7a7baa3cee98225f44706623fdc430c9') in 0.112466 seconds
  Import took 0.118588 seconds .

========================================================================
Received Import Request.
  Time since last request: 0.000300 seconds.
  path: Assets/Graphics/TileSheet/objects_5.asset
  artifactKey: Guid(f38b2f5539fec0f44a9dbcc88f43ac11) Importer(815301076,1909f56bfc062723c751e8b465ee728b)
Start importing Assets/Graphics/TileSheet/objects_5.asset using Guid(f38b2f5539fec0f44a9dbcc88f43ac11) Importer(815301076,1909f56bfc062723c751e8b465ee728b)  -> (artifact id: '2326a87302e4b2eadb58a7cced8b0847') in 0.189051 seconds
  Import took 0.216524 seconds .

========================================================================
Received Import Request.
  Time since last request: 0.000197 seconds.
  path: Assets/Graphics/TileSheet/objects_17.asset
  artifactKey: Guid(120902f79f1b22141a3f5d4c916d4c25) Importer(815301076,1909f56bfc062723c751e8b465ee728b)
Start importing Assets/Graphics/TileSheet/objects_17.asset using Guid(120902f79f1b22141a3f5d4c916d4c25) Importer(815301076,1909f56bfc062723c751e8b465ee728b)  -> (artifact id: '56f3ee87dba89ae9174e2d01cee6a376') in 0.081801 seconds
  Import took 0.123883 seconds .

========================================================================
Received Import Request.
  Time since last request: 37.190408 seconds.
  path: Assets/Graphics/TileSheet/Tree_7.asset
  artifactKey: Guid(0c13608874463784396396a71a53b31a) Importer(815301076,1909f56bfc062723c751e8b465ee728b)
Start importing Assets/Graphics/TileSheet/Tree_7.asset using Guid(0c13608874463784396396a71a53b31a) Importer(815301076,1909f56bfc062723c751e8b465ee728b)  -> (artifact id: 'cdc7170cdb33235740b2dd12b510d6dc') in 0.077512 seconds
  Import took 0.087449 seconds .

========================================================================
Received Import Request.
  Time since last request: 0.000426 seconds.
  path: Assets/Graphics/TileSheet/Tree_12.asset
  artifactKey: Guid(d8de0f6fbc3225448a05ed33ce8a61b2) Importer(815301076,1909f56bfc062723c751e8b465ee728b)
Start importing Assets/Graphics/TileSheet/Tree_12.asset using Guid(d8de0f6fbc3225448a05ed33ce8a61b2) Importer(815301076,1909f56bfc062723c751e8b465ee728b)  -> (artifact id: '1570eeea0bf87b8e7f412f6e587d690b') in 0.067564 seconds
  Import took 0.077859 seconds .

========================================================================
Received Import Request.
  Time since last request: 0.000420 seconds.
  path: Assets/Graphics/TileSheet/Tree_26.asset
  artifactKey: Guid(1c6675c15191f124a823178dd15de779) Importer(815301076,1909f56bfc062723c751e8b465ee728b)
Start importing Assets/Graphics/TileSheet/Tree_26.asset using Guid(1c6675c15191f124a823178dd15de779) Importer(815301076,1909f56bfc062723c751e8b465ee728b)  -> (artifact id: 'd2d07dfd1d4a353afdae0accb8b26c9c') in 0.095864 seconds
  Import took 0.105908 seconds .

========================================================================
Received Import Request.
  Time since last request: 0.000261 seconds.
  path: Assets/Graphics/TileSheet/Tree_14.asset
  artifactKey: Guid(7f07a17ea51c08f4ca6b84a701ab3967) Importer(815301076,1909f56bfc062723c751e8b465ee728b)
Start importing Assets/Graphics/TileSheet/Tree_14.asset using Guid(7f07a17ea51c08f4ca6b84a701ab3967) Importer(815301076,1909f56bfc062723c751e8b465ee728b)  -> (artifact id: '095b36b21b482f40789794f3835914d7') in 0.095836 seconds
  Import took 0.101132 seconds .

========================================================================
Received Import Request.
  Time since last request: 0.000271 seconds.
  path: Assets/Graphics/TileSheet/Tree_17.asset
  artifactKey: Guid(f61d3ce8a0feb3d43954f7d7c34bddec) Importer(815301076,1909f56bfc062723c751e8b465ee728b)
Start importing Assets/Graphics/TileSheet/Tree_17.asset using Guid(f61d3ce8a0feb3d43954f7d7c34bddec) Importer(815301076,1909f56bfc062723c751e8b465ee728b)  -> (artifact id: 'bd5f0c24afbd03431ab140b5a13e98e4') in 0.067759 seconds
  Import took 0.080120 seconds .

========================================================================
Received Import Request.
  Time since last request: 0.000433 seconds.
  path: Assets/Graphics/TileSheet/Tree_30.asset
  artifactKey: Guid(50047116d27ba64439fdba861e9475d8) Importer(815301076,1909f56bfc062723c751e8b465ee728b)
Start importing Assets/Graphics/TileSheet/Tree_30.asset using Guid(50047116d27ba64439fdba861e9475d8) Importer(815301076,1909f56bfc062723c751e8b465ee728b)  -> (artifact id: '8160b3803a60a5e58e2368cdca84a55c') in 0.049401 seconds
  Import took 0.061524 seconds .

========================================================================
Received Import Request.
  Time since last request: 0.000440 seconds.
  path: Assets/Graphics/TileSheet/Tree_25.asset
  artifactKey: Guid(0d5f2a2a578e07c489c1e836efadc797) Importer(815301076,1909f56bfc062723c751e8b465ee728b)
Start importing Assets/Graphics/TileSheet/Tree_25.asset using Guid(0d5f2a2a578e07c489c1e836efadc797) Importer(815301076,1909f56bfc062723c751e8b465ee728b)  -> (artifact id: '78532ee115ef9c3497a97aa62d022349') in 0.079589 seconds
  Import took 0.087262 seconds .

========================================================================
Received Import Request.
  Time since last request: 0.000377 seconds.
  path: Assets/Graphics/TileSheet/Tree_34.asset
  artifactKey: Guid(a9e1feadd25328f4f8b245b7fc47a694) Importer(815301076,1909f56bfc062723c751e8b465ee728b)
Start importing Assets/Graphics/TileSheet/Tree_34.asset using Guid(a9e1feadd25328f4f8b245b7fc47a694) Importer(815301076,1909f56bfc062723c751e8b465ee728b)  -> (artifact id: '4baf756f7b09314029304aa614174896') in 0.072468 seconds
  Import took 0.080285 seconds .

========================================================================
Received Import Request.
  Time since last request: 0.000417 seconds.
  path: Assets/Graphics/TileSheet/Tree_39.asset
  artifactKey: Guid(d2746dc0569127c47a5967a77a7390fc) Importer(815301076,1909f56bfc062723c751e8b465ee728b)
Start importing Assets/Graphics/TileSheet/Tree_39.asset using Guid(d2746dc0569127c47a5967a77a7390fc) Importer(815301076,1909f56bfc062723c751e8b465ee728b)  -> (artifact id: '9e73a1261d4749e71b230bb526a565d0') in 0.081623 seconds
  Import took 0.088865 seconds .

========================================================================
Received Import Request.
  Time since last request: 0.000436 seconds.
  path: Assets/Graphics/TileSheet/Tree_44.asset
  artifactKey: Guid(4ebd1393ce7e99e44896563d22f98466) Importer(815301076,1909f56bfc062723c751e8b465ee728b)
Start importing Assets/Graphics/TileSheet/Tree_44.asset using Guid(4ebd1393ce7e99e44896563d22f98466) Importer(815301076,1909f56bfc062723c751e8b465ee728b)  -> (artifact id: '3b7078fc5042c236d9381b02f0e2b321') in 0.072169 seconds
  Import took 0.079330 seconds .

========================================================================
Received Import Request.
  Time since last request: 0.000312 seconds.
  path: Assets/Graphics/TileSheet/Tree_40.asset
  artifactKey: Guid(a4284ec39d11aa34da0ea183537a8f3e) Importer(815301076,1909f56bfc062723c751e8b465ee728b)
Start importing Assets/Graphics/TileSheet/Tree_40.asset using Guid(a4284ec39d11aa34da0ea183537a8f3e) Importer(815301076,1909f56bfc062723c751e8b465ee728b)  -> (artifact id: '192e8a254e55b10deb04884fd3019812') in 0.067956 seconds
  Import took 0.078057 seconds .

========================================================================
Received Import Request.
  Time since last request: 0.000603 seconds.
  path: Assets/Graphics/TileSheet/Tree_19.asset
  artifactKey: Guid(aba628bf7fc3fed4c95f6eedfd9a11f3) Importer(815301076,1909f56bfc062723c751e8b465ee728b)
Start importing Assets/Graphics/TileSheet/Tree_19.asset using Guid(aba628bf7fc3fed4c95f6eedfd9a11f3) Importer(815301076,1909f56bfc062723c751e8b465ee728b)  -> (artifact id: '7b9411154fb5e2705b49a200e2f0ce54') in 0.082239 seconds
  Import took 0.087215 seconds .

========================================================================
Received Import Request.
  Time since last request: 0.000689 seconds.
  path: Assets/Graphics/TileSheet/Tree_33.asset
  artifactKey: Guid(c6a6fdbc054b7cb4797912c39bff4a44) Importer(815301076,1909f56bfc062723c751e8b465ee728b)
Start importing Assets/Graphics/TileSheet/Tree_33.asset using Guid(c6a6fdbc054b7cb4797912c39bff4a44) Importer(815301076,1909f56bfc062723c751e8b465ee728b)  -> (artifact id: '24f6d5060cb00588de2648f34fa5ccad') in 0.103364 seconds
  Import took 0.109479 seconds .

========================================================================
Received Import Request.
  Time since last request: 0.022715 seconds.
  path: Assets/Graphics/TileSheet/Tree_24.asset
  artifactKey: Guid(f97c280652ee054469094d1090135177) Importer(815301076,1909f56bfc062723c751e8b465ee728b)
Start importing Assets/Graphics/TileSheet/Tree_24.asset using Guid(f97c280652ee054469094d1090135177) Importer(815301076,1909f56bfc062723c751e8b465ee728b)  -> (artifact id: '576b2637694093c971cfd22b69f21267') in 0.116523 seconds
  Import took 0.127082 seconds .

========================================================================
Received Import Request.
  Time since last request: 0.000480 seconds.
  path: Assets/Graphics/TileSheet/Tree_27.asset
  artifactKey: Guid(4c096ebd3137e7343aa4636c086e01e7) Importer(815301076,1909f56bfc062723c751e8b465ee728b)
Start importing Assets/Graphics/TileSheet/Tree_27.asset using Guid(4c096ebd3137e7343aa4636c086e01e7) Importer(815301076,1909f56bfc062723c751e8b465ee728b)  -> (artifact id: 'c11d212bd7fb2c9999a253691f4789ad') in 0.241278 seconds
  Import took 0.252592 seconds .

========================================================================
Received Import Request.
  Time since last request: 0.000383 seconds.
  path: Assets/Graphics/TileSheet/Tree_31.asset
  artifactKey: Guid(a696a2a12f3a66e4c8d86652cd860126) Importer(815301076,1909f56bfc062723c751e8b465ee728b)
Start importing Assets/Graphics/TileSheet/Tree_31.asset using Guid(a696a2a12f3a66e4c8d86652cd860126) Importer(815301076,1909f56bfc062723c751e8b465ee728b)  -> (artifact id: '6af0fd3f1b82ee06a0255c87b706fbd1') in 0.115269 seconds
  Import took 0.122290 seconds .

========================================================================
Received Import Request.
  Time since last request: 0.000376 seconds.
  path: Assets/Graphics/TileSheet/Tree_11.asset
  artifactKey: Guid(e5c8b9cf1194acc41869bfc2a84a50b3) Importer(815301076,1909f56bfc062723c751e8b465ee728b)
Start importing Assets/Graphics/TileSheet/Tree_11.asset using Guid(e5c8b9cf1194acc41869bfc2a84a50b3) Importer(815301076,1909f56bfc062723c751e8b465ee728b)  -> (artifact id: 'b304073590fc29c710546cecef3b0f05') in 0.062516 seconds
  Import took 0.072301 seconds .

========================================================================
Received Import Request.
  Time since last request: 0.000285 seconds.
  path: Assets/Graphics/TileSheet/Tree_18.asset
  artifactKey: Guid(4bd12e0043d818845aed6bba8dbdeda1) Importer(815301076,1909f56bfc062723c751e8b465ee728b)
Start importing Assets/Graphics/TileSheet/Tree_18.asset using Guid(4bd12e0043d818845aed6bba8dbdeda1) Importer(815301076,1909f56bfc062723c751e8b465ee728b)  -> (artifact id: 'ebf2b092739f9e026c237d4a043c42e5') in 0.095491 seconds
  Import took 0.105581 seconds .

========================================================================
Received Import Request.
  Time since last request: 0.000720 seconds.
  path: Assets/Graphics/TileSheet/Tree_21.asset
  artifactKey: Guid(a1a9cf82b13d84e46b393888cadc7d50) Importer(815301076,1909f56bfc062723c751e8b465ee728b)
Start importing Assets/Graphics/TileSheet/Tree_21.asset using Guid(a1a9cf82b13d84e46b393888cadc7d50) Importer(815301076,1909f56bfc062723c751e8b465ee728b)  -> (artifact id: 'f7cd0d9c57bf6e1a1f0868e33d399292') in 0.046347 seconds
  Import took 0.058973 seconds .

========================================================================
Received Import Request.
  Time since last request: 0.000305 seconds.
  path: Assets/Graphics/TileSheet/Tree_35.asset
  artifactKey: Guid(91670500116ea774086445625001d539) Importer(815301076,1909f56bfc062723c751e8b465ee728b)
Start importing Assets/Graphics/TileSheet/Tree_35.asset using Guid(91670500116ea774086445625001d539) Importer(815301076,1909f56bfc062723c751e8b465ee728b)  -> (artifact id: '7e3a81f932c9037c983dd2056d7ddedf') in 0.063292 seconds
  Import took 0.072266 seconds .

========================================================================
Received Import Request.
  Time since last request: 0.000311 seconds.
  path: Assets/Graphics/TileSheet/Tree_28.asset
  artifactKey: Guid(0c5c0399fd42a48449e274a8ca2a5abb) Importer(815301076,1909f56bfc062723c751e8b465ee728b)
Start importing Assets/Graphics/TileSheet/Tree_28.asset using Guid(0c5c0399fd42a48449e274a8ca2a5abb) Importer(815301076,1909f56bfc062723c751e8b465ee728b)  -> (artifact id: '05f6fc7c9ac00d69940c842e41304d0c') in 0.073761 seconds
  Import took 0.082874 seconds .

========================================================================
Received Import Request.
  Time since last request: 0.000660 seconds.
  path: Assets/Graphics/TileSheet/Tree_20.asset
  artifactKey: Guid(69f931821630aae4c8629f0c0f3248b0) Importer(815301076,1909f56bfc062723c751e8b465ee728b)
Start importing Assets/Graphics/TileSheet/Tree_20.asset using Guid(69f931821630aae4c8629f0c0f3248b0) Importer(815301076,1909f56bfc062723c751e8b465ee728b)  -> (artifact id: 'd5737b56f43b804b16e90ac47537e4cb') in 0.071139 seconds
  Import took 0.078065 seconds .

========================================================================
Received Import Request.
  Time since last request: 0.000289 seconds.
  path: Assets/Graphics/TileSheet/Tree_9.asset
  artifactKey: Guid(65b829c73323be443bb8b8209361f492) Importer(815301076,1909f56bfc062723c751e8b465ee728b)
Start importing Assets/Graphics/TileSheet/Tree_9.asset using Guid(65b829c73323be443bb8b8209361f492) Importer(815301076,1909f56bfc062723c751e8b465ee728b)  -> (artifact id: 'c73bc222aa50439a4275c3e7051dc104') in 0.085443 seconds
  Import took 0.090599 seconds .

========================================================================
Received Import Request.
  Time since last request: 0.000420 seconds.
  path: Assets/Graphics/TileSheet/Tree_36.asset
  artifactKey: Guid(2dc04657a60dd344fb55a92a4d7893f2) Importer(815301076,1909f56bfc062723c751e8b465ee728b)
Start importing Assets/Graphics/TileSheet/Tree_36.asset using Guid(2dc04657a60dd344fb55a92a4d7893f2) Importer(815301076,1909f56bfc062723c751e8b465ee728b)  -> (artifact id: '47edb0b595be758670c862d015c834a3') in 0.062941 seconds
  Import took 0.071881 seconds .

========================================================================
Received Import Request.
  Time since last request: 0.000307 seconds.
  path: Assets/Graphics/TileSheet/Tree_38.asset
  artifactKey: Guid(bb8668429d8a3ff4b9be22575f71825f) Importer(815301076,1909f56bfc062723c751e8b465ee728b)
Start importing Assets/Graphics/TileSheet/Tree_38.asset using Guid(bb8668429d8a3ff4b9be22575f71825f) Importer(815301076,1909f56bfc062723c751e8b465ee728b)  -> (artifact id: 'ff50e5c8f86d2c1a42dd8bb77473998a') in 0.067086 seconds
  Import took 0.074001 seconds .

========================================================================
Received Import Request.
  Time since last request: 0.000726 seconds.
  path: Assets/Graphics/TileSheet/Tree_43.asset
  artifactKey: Guid(98b8073b82faa8a439462f78dd6f3a3c) Importer(815301076,1909f56bfc062723c751e8b465ee728b)
Start importing Assets/Graphics/TileSheet/Tree_43.asset using Guid(98b8073b82faa8a439462f78dd6f3a3c) Importer(815301076,1909f56bfc062723c751e8b465ee728b)  -> (artifact id: 'aada3eafad82653dff1efd6d9d9b9e94') in 0.081649 seconds
  Import took 0.089461 seconds .

========================================================================
Received Import Request.
  Time since last request: 0.002076 seconds.
  path: Assets/Graphics/TileSheet/Tree_23.asset
  artifactKey: Guid(5558a06b03d83104d8c1394245c45737) Importer(815301076,1909f56bfc062723c751e8b465ee728b)
Start importing Assets/Graphics/TileSheet/Tree_23.asset using Guid(5558a06b03d83104d8c1394245c45737) Importer(815301076,1909f56bfc062723c751e8b465ee728b)  -> (artifact id: 'd3592bf68f26b5fc21930cca62d7bef7') in 0.040083 seconds
  Import took 0.052436 seconds .

========================================================================
Received Import Request.
  Time since last request: 0.000731 seconds.
  path: Assets/Graphics/TileSheet/Tree_16.asset
  artifactKey: Guid(43143dd9c6feb0845ad507430223c601) Importer(815301076,1909f56bfc062723c751e8b465ee728b)
Start importing Assets/Graphics/TileSheet/Tree_16.asset using Guid(43143dd9c6feb0845ad507430223c601) Importer(815301076,1909f56bfc062723c751e8b465ee728b)  -> (artifact id: 'f6fb81d0e796cc6335a6af90f417bbef') in 0.051684 seconds
  Import took 0.065141 seconds .

========================================================================
Received Import Request.
  Time since last request: 0.004333 seconds.
  path: Assets/Graphics/TileSheet/Tree_22.asset
  artifactKey: Guid(d055fe4b320a20d4db26037eb40a4d49) Importer(815301076,1909f56bfc062723c751e8b465ee728b)
Start importing Assets/Graphics/TileSheet/Tree_22.asset using Guid(d055fe4b320a20d4db26037eb40a4d49) Importer(815301076,1909f56bfc062723c751e8b465ee728b)  -> (artifact id: '0aaaeb7523aee8f8bfd02d5e3bb4a850') in 0.065969 seconds
  Import took 0.080063 seconds .

========================================================================
Received Import Request.
  Time since last request: 0.000602 seconds.
  path: Assets/Graphics/TileSheet/Tree_29.asset
  artifactKey: Guid(7cd0b739a766ca643b1c3fea185523ad) Importer(815301076,1909f56bfc062723c751e8b465ee728b)
Start importing Assets/Graphics/TileSheet/Tree_29.asset using Guid(7cd0b739a766ca643b1c3fea185523ad) Importer(815301076,1909f56bfc062723c751e8b465ee728b)  -> (artifact id: 'b8c380237cb9811e03d8b525ae8adc24') in 0.062592 seconds
  Import took 0.073151 seconds .

========================================================================
Received Import Request.
  Time since last request: 0.001464 seconds.
  path: Assets/Graphics/TileSheet/Tree_41.asset
  artifactKey: Guid(eae2b67091826cc43bbe5f836ce765a3) Importer(815301076,1909f56bfc062723c751e8b465ee728b)
Start importing Assets/Graphics/TileSheet/Tree_41.asset using Guid(eae2b67091826cc43bbe5f836ce765a3) Importer(815301076,1909f56bfc062723c751e8b465ee728b)  -> (artifact id: 'f96fe7ad7aa105348fb58c9614163180') in 0.079910 seconds
  Import took 0.091700 seconds .

========================================================================
Received Import Request.
  Time since last request: 0.000334 seconds.
  path: Assets/Graphics/TileSheet/Tree_32.asset
  artifactKey: Guid(f90afa1faa3f16047a208f87dafcbaf1) Importer(815301076,1909f56bfc062723c751e8b465ee728b)
Start importing Assets/Graphics/TileSheet/Tree_32.asset using Guid(f90afa1faa3f16047a208f87dafcbaf1) Importer(815301076,1909f56bfc062723c751e8b465ee728b)  -> (artifact id: '4d8e91e77d268ae2b2faaae729ec5619') in 0.077457 seconds
  Import took 0.084924 seconds .

========================================================================
Received Import Request.
  Time since last request: 0.000314 seconds.
  path: Assets/Graphics/TileSheet/Tree_13.asset
  artifactKey: Guid(8f3c104b83b7bcd41826e909584c7981) Importer(815301076,1909f56bfc062723c751e8b465ee728b)
Start importing Assets/Graphics/TileSheet/Tree_13.asset using Guid(8f3c104b83b7bcd41826e909584c7981) Importer(815301076,1909f56bfc062723c751e8b465ee728b)  -> (artifact id: '0dc9e16bab5aec2a32f5a06e62a6c9b4') in 0.053553 seconds
  Import took 0.077767 seconds .

========================================================================
Received Import Request.
  Time since last request: 0.000447 seconds.
  path: Assets/Graphics/TileSheet/Tree_8.asset
  artifactKey: Guid(eeeee18291fa07048913c7e2886de46a) Importer(815301076,1909f56bfc062723c751e8b465ee728b)
Start importing Assets/Graphics/TileSheet/Tree_8.asset using Guid(eeeee18291fa07048913c7e2886de46a) Importer(815301076,1909f56bfc062723c751e8b465ee728b)  -> (artifact id: '677955c3c3f2ffa94196ae4eb4e24f5f') in 0.061165 seconds
  Import took 0.067481 seconds .

========================================================================
Received Import Request.
  Time since last request: 0.000268 seconds.
  path: Assets/Graphics/TileSheet/Tree_45.asset
  artifactKey: Guid(0c2613f869ef1f245bb808c481a15e8e) Importer(815301076,1909f56bfc062723c751e8b465ee728b)
Start importing Assets/Graphics/TileSheet/Tree_45.asset using Guid(0c2613f869ef1f245bb808c481a15e8e) Importer(815301076,1909f56bfc062723c751e8b465ee728b)  -> (artifact id: '4205df9d843f40787df2b1f6da9983fd') in 0.096221 seconds
  Import took 0.102542 seconds .

========================================================================
Received Import Request.
  Time since last request: 0.000330 seconds.
  path: Assets/Graphics/TileSheet/Tree_15.asset
  artifactKey: Guid(15ab6ee31d8a2144fb9f35e3acc64c35) Importer(815301076,1909f56bfc062723c751e8b465ee728b)
Start importing Assets/Graphics/TileSheet/Tree_15.asset using Guid(15ab6ee31d8a2144fb9f35e3acc64c35) Importer(815301076,1909f56bfc062723c751e8b465ee728b)  -> (artifact id: 'b55cd2f930a88ba0defe141a598e1a4b') in 0.072981 seconds
  Import took 0.081964 seconds .

========================================================================
Received Import Request.
  Time since last request: 0.000365 seconds.
  path: Assets/Graphics/TileSheet/Tree_37.asset
  artifactKey: Guid(dff0cd79d91577a4590157bc64447988) Importer(815301076,1909f56bfc062723c751e8b465ee728b)
Start importing Assets/Graphics/TileSheet/Tree_37.asset using Guid(dff0cd79d91577a4590157bc64447988) Importer(815301076,1909f56bfc062723c751e8b465ee728b)  -> (artifact id: 'afd27d71c0aee1fa10050dab5c975338') in 0.047919 seconds
  Import took 0.058152 seconds .

========================================================================
Received Import Request.
  Time since last request: 0.000267 seconds.
  path: Assets/Graphics/TileSheet/Tree_42.asset
  artifactKey: Guid(20d65ed63f8edfd48bba5c9d0175afe7) Importer(815301076,1909f56bfc062723c751e8b465ee728b)
Start importing Assets/Graphics/TileSheet/Tree_42.asset using Guid(20d65ed63f8edfd48bba5c9d0175afe7) Importer(815301076,1909f56bfc062723c751e8b465ee728b)  -> (artifact id: '919f0b2e8826c84925a3b36c58b8b009') in 0.090371 seconds
  Import took 0.095787 seconds .

========================================================================
Received Import Request.
  Time since last request: 0.000343 seconds.
  path: Assets/Graphics/TileSheet/Tree_7.asset
  artifactKey: Guid(0c13608874463784396396a71a53b31a) Importer(815301076,1909f56bfc062723c751e8b465ee728b)
Start importing Assets/Graphics/TileSheet/Tree_7.asset using Guid(0c13608874463784396396a71a53b31a) Importer(815301076,1909f56bfc062723c751e8b465ee728b)  -> (artifact id: 'cdc7170cdb33235740b2dd12b510d6dc') in 0.050971 seconds
  Import took 0.066060 seconds .

========================================================================
Received Import Request.
  Time since last request: 0.000595 seconds.
  path: Assets/Graphics/TileSheet/Tree_10.asset
  artifactKey: Guid(b979ea8492d6097439fca789a7df37a6) Importer(815301076,1909f56bfc062723c751e8b465ee728b)
Start importing Assets/Graphics/TileSheet/Tree_10.asset using Guid(b979ea8492d6097439fca789a7df37a6) Importer(815301076,1909f56bfc062723c751e8b465ee728b)  -> (artifact id: 'e8485cc7995261feb89506c03d43e08b') in 0.050445 seconds
  Import took 0.060968 seconds .

========================================================================
Received Import Request.
  Time since last request: 1925.949856 seconds.
  path: Assets/Graphics/TilePalette/BackgroundImage.prefab
  artifactKey: Guid(4249c42f91fd0ec4f907336be934d89c) Importer(815301076,1909f56bfc062723c751e8b465ee728b)
Start importing Assets/Graphics/TilePalette/BackgroundImage.prefab using Guid(4249c42f91fd0ec4f907336be934d89c) Importer(815301076,1909f56bfc062723c751e8b465ee728b)  -> (artifact id: 'c000efbd8c89ec669bb72a18bf3c265d') in 0.017093 seconds
  Import took 0.024888 seconds .

========================================================================
Received Import Request.
  Time since last request: 1166.099479 seconds.
  path: ProjectSettings/TagManager.asset
  artifactKey: Guid(00000000000000003000000000000000) Importer(815301076,1909f56bfc062723c751e8b465ee728b)
Start importing ProjectSettings/TagManager.asset using Guid(00000000000000003000000000000000) Importer(815301076,1909f56bfc062723c751e8b465ee728b)  -> (artifact id: '3125bf62d54dbcdd0ce3e4c540a7aa4e') in 0.033200 seconds
  Import took 0.054148 seconds .

========================================================================
Received Import Request.
  Time since last request: 389.028797 seconds.
  path: ProjectSettings/TagManager.asset
  artifactKey: Guid(00000000000000003000000000000000) Importer(815301076,1909f56bfc062723c751e8b465ee728b)
Start importing ProjectSettings/TagManager.asset using Guid(00000000000000003000000000000000) Importer(815301076,1909f56bfc062723c751e8b465ee728b)  -> (artifact id: 'b66ddaeeed16c50d60d6afd588e8ca61') in 0.026317 seconds
  Import took 0.055781 seconds .

AssetImportWorkerClient::OnTransportError - code=2 error=End of file
